c:\users\mi\desktop\代码文件\mine\mine\debug\vc142.pdb
c:\users\mi\desktop\代码文件\mine\mine\debug\vc142.idb
c:\users\mi\desktop\代码文件\mine\mine\debug\main.obj
c:\users\mi\desktop\代码文件\mine\mine\debug\game.obj
c:\users\mi\desktop\代码文件\mine\debug\mine.pdb
c:\users\mi\desktop\代码文件\mine\mine\debug\mine.tlog\cl.command.1.tlog
c:\users\mi\desktop\代码文件\mine\mine\debug\mine.tlog\cl.read.1.tlog
c:\users\mi\desktop\代码文件\mine\mine\debug\mine.tlog\cl.write.1.tlog
c:\users\mi\desktop\代码文件\mine\mine\debug\mine.tlog\link-cvtres.read.1.tlog
c:\users\mi\desktop\代码文件\mine\mine\debug\mine.tlog\link-cvtres.write.1.tlog
c:\users\mi\desktop\代码文件\mine\mine\debug\mine.tlog\link-rc.read.1.tlog
c:\users\mi\desktop\代码文件\mine\mine\debug\mine.tlog\link-rc.write.1.tlog
c:\users\mi\desktop\代码文件\mine\mine\debug\mine.tlog\link.11196-cvtres.read.1.tlog
c:\users\mi\desktop\代码文件\mine\mine\debug\mine.tlog\link.11196-cvtres.write.1.tlog
c:\users\mi\desktop\代码文件\mine\mine\debug\mine.tlog\link.11196-rc.read.1.tlog
c:\users\mi\desktop\代码文件\mine\mine\debug\mine.tlog\link.11196-rc.write.1.tlog
c:\users\mi\desktop\代码文件\mine\mine\debug\mine.tlog\link.11196.read.1.tlog
c:\users\mi\desktop\代码文件\mine\mine\debug\mine.tlog\link.11196.write.1.tlog
c:\users\mi\desktop\代码文件\mine\mine\debug\mine.tlog\link.command.1.tlog
c:\users\mi\desktop\代码文件\mine\mine\debug\mine.tlog\link.read.1.tlog
c:\users\mi\desktop\代码文件\mine\mine\debug\mine.tlog\link.write.1.tlog
